<?xml version="1.0" encoding="utf-8"?><testsuites name="pytest tests"><testsuite name="pytest" errors="0" failures="0" skipped="0" tests="13" time="1.671" timestamp="2026-03-05T16:50:25.713571+00:00" hostname="agent-env-7ccc45f2-ca4f-4096-a1dc-e936f8eb2b5f"><testcase classname="backend.tests.test_document_api.TestNewDocumentEndpoint" name="test_create_new_document_default_title" time="0.168" /><testcase classname="backend.tests.test_document_api.TestNewDocumentEndpoint" name="test_create_new_document_with_custom_title" time="0.118" /><testcase classname="backend.tests.test_document_api.TestDeleteBlockEndpoint" name="test_delete_block_success" time="0.168" /><testcase classname="backend.tests.test_document_api.TestDeleteBlockEndpoint" name="test_delete_block_not_found" time="0.050" /><testcase classname="backend.tests.test_document_api.TestDeleteBlockEndpoint" name="test_delete_block_removes_associated_comments" time="0.259" /><testcase classname="backend.tests.test_document_api.TestBlockFormattingPersistence" name="test_block_styles_persist_in_document" time="0.054" /><testcase classname="backend.tests.test_document_api.TestBlockFormattingPersistence" name="test_block_font_family_and_size_present" time="0.046" /><testcase classname="backend.tests.test_document_api.TestDocumentApi" name="test_get_document_structure" time="0.048" /><testcase classname="backend.tests.test_document_api.TestDocumentApi" name="test_add_comment_and_verify_persistence" time="0.148" /><testcase classname="backend.tests.test_document_api.TestDocumentApi" name="test_save_annotation_and_verify_persistence" time="0.137" /><testcase classname="backend.tests.test_document_api.TestDocumentApi" name="test_publish_and_published_snapshot" time="0.107" /><testcase classname="backend.tests.test_document_api.TestDocumentApi" name="test_restore_existing_version" time="0.110" /><testcase classname="backend.tests.test_document_api.TestDocumentWebSocket" name="test_websocket_snapshot_and_presence_payload" time="0.171" /></testsuite></testsuites>