<?xml version="1.0" encoding="utf-8"?><testsuites name="pytest tests"><testsuite name="pytest" errors="0" failures="0" skipped="1" tests="6" time="0.968" timestamp="2026-03-05T12:00:53.727619+00:00" hostname="agent-env-7ccc45f2-ca4f-4096-a1dc-e936f8eb2b5f"><testcase classname="backend.tests.test_document_api.TestDocumentApi" name="test_get_document_structure" time="0.275" /><testcase classname="backend.tests.test_document_api.TestDocumentApi" name="test_add_comment_and_verify_persistence" time="0.353" /><testcase classname="backend.tests.test_document_api.TestDocumentApi" name="test_save_annotation_and_verify_persistence" time="0.091" /><testcase classname="backend.tests.test_document_api.TestDocumentApi" name="test_publish_and_published_snapshot" time="0.091" /><testcase classname="backend.tests.test_document_api.TestDocumentApi" name="test_restore_existing_version" time="0.094" /><testcase classname="backend.tests.test_document_api.TestDocumentWebSocket" name="test_websocket_snapshot_and_presence_payload" time="0.001"><skipped type="pytest.skip" message="could not import 'websocket': No module named 'websocket'">/app/backend/tests/test_document_api.py:142: could not import 'websocket': No module named 'websocket'</skipped></testcase></testsuite></testsuites>